Argument Dimension = 4
Argument space has 16 elements.
Image Dimension = 4
Image space has 16 elements.

Writing Algebraic Normal Form to file: S5.anf
[Columns = Image components]

Writing Truth Table to file: S5.tt
[Columns = Image components]

Writing Walsh Spectrum to file: S5.wal

Writing Linear Profile to file: S5.lp
[To normalize divide by 256]

Writing Differential Profile to file: S5.dp
[To normalize divide by 4096]

Writing the polynomials in ANF to file: S5.pol

Writing Linear structures to file: S5.ls

Writing Autocorrelation Spectrum to file: S5.ac

Writing Cycle Structure to file: S5.cy

Nonlinearity: 4

Writing Cycle Structure to file: S5.nlr
Second order Nonlinearity: 2
Linearity distance: 2
Algebraic degree: 3
Algebraic immunity: 2
Absolute indicator: 8
Sum-of-squares indicator: 640
Linear potential: 0.25
Differential potential: 0.25
Maximum Nonlinearity (if n is even): 5
Maximum Linearity distance: 7
The fixed points are: 
[[0 0 0 0]
[0 0 0 1]
[0 1 1 0]
[0 1 1 1]
]
The negated fixed points are: 
[[0 0 1 0]
]
Correlation immunity: 0
It is a balanced function
The function is PC of degree 0
