Argument Dimension = 5
Argument space has 32 elements.
Image Dimension = 5
Image space has 32 elements.

Writing Algebraic Normal Form to file: S5.anf
[Columns = Image components]

Writing Truth Table to file: S5.tt
[Columns = Image components]

Writing Walsh Spectrum to file: S5.wal

Writing Linear Profile to file: S5.lp
[To normalize divide by 1024]

Writing Differential Profile to file: S5.dp
[To normalize divide by 32768]

Writing the polynomials in ANF to file: S5.pol

Writing Linear structures to file: S5.ls

Writing Autocorrelation Spectrum to file: S5.ac

Writing Cycle Structure to file: S5.cy

Nonlinearity: 12

Writing Cycle Structure to file: S5.nlr
Second order Nonlinearity: 6
Linearity distance: 6
Algebraic degree: 3
Algebraic immunity: 3
Absolute indicator: 8
Sum-of-squares indicator: 2048
Linear potential: 0.0625
Differential potential: 0.0625
Maximum Nonlinearity (if n is even): 12
Maximum Linearity distance: 15
It is an almost bent function
The fixed points are: 
[[0 0 0 0 0]
[0 0 0 0 1]
]
The negated fixed points are: 
[]
Correlation immunity: 0
It is a balanced function
The function is PC of degree 0
