Argument Dimension = 6
Argument space has 64 elements.
Image Dimension = 6
Image space has 64 elements.

Writing Algebraic Normal Form to file: S6.anf
[Columns = Image components]

Writing Truth Table to file: S6.tt
[Columns = Image components]

Writing Walsh Spectrum to file: S6.wal

Writing Linear Profile to file: S6.lp
[To normalize divide by 4096]

Writing Differential Profile to file: S6.dp
[To normalize divide by 262144]

Writing the polynomials in ANF to file: S6.pol

Writing Linear structures to file: S6.ls

Writing Autocorrelation Spectrum to file: S6.ac

Writing Cycle Structure to file: S6.cy

Nonlinearity: 24

Writing Cycle Structure to file: S6.nlr
Second order Nonlinearity: 16
Linearity distance: 8
Algebraic degree: 3
Algebraic immunity: 3
Absolute indicator: 32
Sum-of-squares indicator: 16384
Linear potential: 0.0625
Differential potential: 0.0625
Maximum Nonlinearity (if n is even): 26
Maximum Linearity distance: 31
The fixed points are: 
[[0 0 0 0 0 0]
[0 0 0 0 0 1]
]
The negated fixed points are: 
[[0 1 1 1 1 1]
]
Correlation immunity: 0
It is a balanced function
The function is PC of degree 0
