Argument Dimension = 7
Argument space has 128 elements.
Image Dimension = 7
Image space has 128 elements.

Writing Algebraic Normal Form to file: S7.anf
[Columns = Image components]

Writing Truth Table to file: S7.tt
[Columns = Image components]

Writing Walsh Spectrum to file: S7.wal

Writing Linear Profile to file: S7.lp
[To normalize divide by 16384]

Writing Differential Profile to file: S7.dp
[To normalize divide by 2097152]

Writing the polynomials in ANF to file: S7.pol

Writing Linear structures to file: S7.ls

Writing Autocorrelation Spectrum to file: S7.ac

Writing Cycle Structure to file: S7.cy

Nonlinearity: 44

Writing Cycle Structure to file: S7.nlr
Second order Nonlinearity: 36
Linearity distance: 24
Algebraic degree: 3
Algebraic immunity: 3
Absolute indicator: 32
Sum-of-squares indicator: 54272
Linear potential: 0.09765625
Differential potential: 0.046875
Maximum Nonlinearity (if n is even): 56
Maximum Linearity distance: 63
The fixed points are: 
[[0 0 0 0 0 0 0]
[0 0 0 0 0 0 1]
]
The negated fixed points are: 
[[1 0 1 0 0 1 0]
]
Correlation immunity: 0
It is a balanced function
The function is PC of degree 0
